0 info it worked if it ends with ok
1 verbose cli [ '/usr/bin/node', '/usr/bin/npm', 'publish' ]
2 info using npm@3.5.2
3 info using node@v8.10.0
4 verbose publish [ '.' ]
5 verbose stack Error: Failed to parse json
5 verbose stack Unexpected token 't' at 4:4
5 verbose stack   "types": "src/index.ts",
5 verbose stack    ^
5 verbose stack     at parseError (/usr/share/npm/node_modules/read-package-json/read-json.js:379:11)
5 verbose stack     at parseJson (/usr/share/npm/node_modules/read-package-json/read-json.js:68:23)
5 verbose stack     at /usr/share/npm/node_modules/read-package-json/read-json.js:48:5
5 verbose stack     at /usr/share/npm/node_modules/graceful-fs/graceful-fs.js:76:16
5 verbose stack     at FSReqWrap.readFileAfterClose [as oncomplete] (fs.js:511:3)
6 verbose cwd /home/volkovboris/work/waves-signature-adapter
7 error Linux 4.15.0-24-generic
8 error argv "/usr/bin/node" "/usr/bin/npm" "publish"
9 error node v8.10.0
10 error npm  v3.5.2
11 error file /home/volkovboris/work/waves-signature-adapter/package.json
12 error code EJSONPARSE
13 error Failed to parse json
13 error Unexpected token 't' at 4:4
13 error   "types": "src/index.ts",
13 error    ^
14 error File: /home/volkovboris/work/waves-signature-adapter/package.json
15 error Failed to parse package.json data.
15 error package.json must be actual JSON, not just JavaScript.
15 error
15 error This is not a bug in npm.
15 error Tell the package author to fix their package.json file. JSON.parse
16 verbose exit [ 1, true ]
